<?xml version="1.0" encoding="UTF-8"?>
<testsuite name="ShapeValidationTest" tests="7" skipped="0" failures="0" errors="0" timestamp="2026-07-09T23:26:43.542Z" hostname="lando-debian-pc" time="0.033">
  <properties/>
  <testcase name="testMultipleLayersFix()" classname="ShapeValidationTest" time="0.017"/>
  <testcase name="testMultipleLayersValid()" classname="ShapeValidationTest" time="0.003"/>
  <testcase name="testValidShape()" classname="ShapeValidationTest" time="0.001"/>
  <testcase name="testMultipleLayersInvalid()" classname="ShapeValidationTest" time="0.001"/>
  <testcase name="testFixShape()" classname="ShapeValidationTest" time="0.001"/>
  <testcase name="testPinSupport()" classname="ShapeValidationTest" time="0.001"/>
  <testcase name="testInvalidShape()" classname="ShapeValidationTest" time="0.001"/>
  <system-out><![CDATA[]]></system-out>
  <system-err><![CDATA[]]></system-err>
</testsuite>
